Aug-08 15:45:25.815 [main] DEBUG nextflow.cli.Launcher - $> nextflow run main.nf --generate_db --species_paths bin/sample_generate_csv.csv --human_bed /Users/vikas/Documents/UCSC/lab/kim_lab/TEBAG/test.bed
Aug-08 15:45:26.000 [main] INFO  nextflow.cli.CmdRun - N E X T F L O W  ~  version 20.07.1
Aug-08 15:45:26.022 [main] INFO  nextflow.cli.CmdRun - Launching `main.nf` [crazy_nobel] - revision: 147a1c211e
Aug-08 15:45:26.204 [main] DEBUG nextflow.Session - Session uuid: ce0825c8-9aec-443f-a1f9-7c1808d322b2
Aug-08 15:45:26.204 [main] DEBUG nextflow.Session - Run name: crazy_nobel
Aug-08 15:45:26.206 [main] DEBUG nextflow.Session - Executor pool size: 8
Aug-08 15:45:26.287 [main] DEBUG nextflow.cli.CmdRun - 
  Version: 20.07.1 build 5412
  Created: 24-07-2020 15:18 UTC (08:18 PDT)
  System: Mac OS X 10.15.7
  Runtime: Groovy 2.5.11 on OpenJDK 64-Bit Server VM 11.0.6+8-b765.1
  Encoding: UTF-8 (UTF-8)
  Process: 30999@eduroam-169-233-217-67.ucsc.edu [169.233.217.67]
  CPUs: 8 - Mem: 16 GB (199 MB) - Swap: 5 GB (1.1 GB)
Aug-08 15:45:26.310 [main] DEBUG nextflow.Session - Work-dir: /Users/vikas/Documents/UCSC/lab/kim_lab/TEBAG/work [Mac OS X]
Aug-08 15:45:26.397 [main] DEBUG nextflow.Session - Observer factory: TowerFactory
Aug-08 15:45:26.399 [main] DEBUG nextflow.Session - Observer factory: DefaultObserverFactory
Aug-08 15:45:26.624 [main] DEBUG nextflow.Session - Session start invoked
Aug-08 15:45:27.107 [main] DEBUG nextflow.script.ScriptRunner - > Launching execution
Aug-08 15:45:27.200 [main] DEBUG nextflow.Session - Workflow process names [dsl2]: liftOver
Aug-08 15:45:27.406 [main] DEBUG nextflow.executor.ExecutorFactory - << taskConfig executor: null
Aug-08 15:45:27.406 [main] DEBUG nextflow.executor.ExecutorFactory - >> processorType: 'local'
Aug-08 15:45:27.413 [main] DEBUG nextflow.executor.Executor - [warm up] executor > local
Aug-08 15:45:27.423 [main] DEBUG n.processor.LocalPollingMonitor - Creating local task monitor for executor 'local' > cpus=8; memory=16 GB; capacity=8; pollInterval=100ms; dumpInterval=5m
Aug-08 15:45:27.566 [main] DEBUG nextflow.Session - Ignite dataflow network (2)
Aug-08 15:45:27.579 [main] DEBUG nextflow.processor.TaskProcessor - Starting process > liftOver
Aug-08 15:45:27.580 [main] DEBUG nextflow.script.ScriptRunner - > Await termination 
Aug-08 15:45:27.580 [main] DEBUG nextflow.Session - Session await
Aug-08 15:45:27.830 [Task submitter] DEBUG nextflow.executor.LocalTaskHandler - Launch cmd line: /bin/bash -ue .command.run
Aug-08 15:45:27.838 [Task submitter] INFO  nextflow.Session - [f1/d64724] Submitted process > liftOver (2)
Aug-08 15:45:27.849 [Task submitter] DEBUG nextflow.executor.LocalTaskHandler - Launch cmd line: /bin/bash -ue .command.run
Aug-08 15:45:27.849 [Task submitter] INFO  nextflow.Session - [b7/48caa0] Submitted process > liftOver (3)
Aug-08 15:45:27.856 [Task submitter] DEBUG nextflow.executor.LocalTaskHandler - Launch cmd line: /bin/bash -ue .command.run
Aug-08 15:45:27.856 [Task submitter] INFO  nextflow.Session - [75/b77bd5] Submitted process > liftOver (4)
Aug-08 15:45:27.862 [Task submitter] DEBUG nextflow.executor.LocalTaskHandler - Launch cmd line: /bin/bash -ue .command.run
Aug-08 15:45:27.863 [Task submitter] INFO  nextflow.Session - [85/2882de] Submitted process > liftOver (1)
Aug-08 15:45:27.925 [Task monitor] DEBUG n.processor.TaskPollingMonitor - Task completed > TaskHandler[id: 1; name: liftOver (2); status: COMPLETED; exit: 0; error: -; workDir: /Users/vikas/Documents/UCSC/lab/kim_lab/TEBAG/work/f1/d6472437e0c319c2f3f3b37368ed43]
Aug-08 15:45:27.935 [Task monitor] DEBUG n.processor.TaskPollingMonitor - Task completed > TaskHandler[id: 2; name: liftOver (3); status: COMPLETED; exit: 0; error: -; workDir: /Users/vikas/Documents/UCSC/lab/kim_lab/TEBAG/work/b7/48caa04c2281f204f28e4ed8ccdf2a]
Aug-08 15:45:27.940 [Task monitor] DEBUG n.processor.TaskPollingMonitor - Task completed > TaskHandler[id: 4; name: liftOver (4); status: COMPLETED; exit: 0; error: -; workDir: /Users/vikas/Documents/UCSC/lab/kim_lab/TEBAG/work/75/b77bd5db7d707bb92228875369517e]
Aug-08 15:45:27.944 [Task monitor] DEBUG n.processor.TaskPollingMonitor - Task completed > TaskHandler[id: 3; name: liftOver (1); status: COMPLETED; exit: 0; error: -; workDir: /Users/vikas/Documents/UCSC/lab/kim_lab/TEBAG/work/85/2882deb98f9e001282c054ffba815c]
Aug-08 15:45:27.949 [main] DEBUG nextflow.Session - Session await > all process finished
Aug-08 15:45:28.018 [main] DEBUG nextflow.Session - Session await > all barriers passed
Aug-08 15:45:28.028 [main] DEBUG nextflow.trace.WorkflowStatsObserver - Workflow completed > WorkflowStats[succeededCount=4; failedCount=0; ignoredCount=0; cachedCount=0; pendingCount=0; submittedCount=0; runningCount=0; retriesCount=0; abortedCount=0; succeedDuration=9ms; failedDuration=0ms; cachedDuration=0ms;loadCpus=0; loadMemory=0; peakRunning=1; peakCpus=1; peakMemory=0; ]
Aug-08 15:45:28.143 [main] DEBUG nextflow.CacheDB - Closing CacheDB done
Aug-08 15:45:28.165 [main] DEBUG nextflow.script.ScriptRunner - > Execution complete -- Goodbye
